#
# There is insufficient memory for the Java Runtime Environment to continue.
# Native memory allocation (malloc) failed to allocate 1048576 bytes for AllocateHeap
# Possible reasons:
#   The system is out of physical RAM or swap space
#   The process is running with CompressedOops enabled, and the Java Heap may be blocking the growth of the native heap
# Possible solutions:
#   Reduce memory load on the system
#   Increase physical memory or swap space
#   Check if swap backing store is full
#   Decrease Java heap size (-Xmx/-Xms)
#   Decrease number of Java threads
#   Decrease Java thread stack sizes (-Xss)
#   Set larger code cache with -XX:ReservedCodeCacheSize=
#   JVM is running with Unscaled Compressed Oops mode in which the Java heap is
#     placed in the first 4GB address space. The Java Heap base address is the
#     maximum limit for the native heap growth. Please use -XX:HeapBaseMinAddress
#     to set the Java Heap base and to place the Java Heap above 4GB virtual address.
# This output file may be truncated or incomplete.
#
#  Out of Memory Error (memory/allocation.inline.hpp:61), pid=1908, tid=0x00000000000030d4
#
# JRE version:  (8.0_251-b08) (build )
# Java VM: Java HotSpot(TM) 64-Bit Server VM (25.251-b08 mixed mode windows-amd64 compressed oops)
# Failed to write core dump. Minidumps are not enabled by default on client versions of Windows
#

---------------  T H R E A D  ---------------

Current thread (0x0000000002f7e000):  JavaThread "Unknown thread" [_thread_in_vm, id=12500, stack(0x0000000002f80000,0x0000000003080000)]

Stack: [0x0000000002f80000,0x0000000003080000]
[error occurred during error reporting (printing stack bounds), id 0xc0000005]

Native frames: (J=compiled Java code, j=interpreted, Vv=VM code, C=native code)


---------------  P R O C E S S  ---------------

Java Threads: ( => current thread )

Other Threads:

=>0x0000000002f7e000 (exited) JavaThread "Unknown thread" [_thread_in_vm, id=12500, stack(0x0000000002f80000,0x0000000003080000)]

VM state:not at safepoint (normal execution)

VM Mutex/Monitor currently owned by a thread: None

heap address: 0x00000000c2800000, size: 984 MB, Compressed Oops mode: 32-bit
Narrow klass base: 0x0000000000000000, Narrow klass shift: 3
Compressed class space size: 1073741824 Address: 0x0000000100000000

Heap:
 PSYoungGen      total 18432K, used 317K [0x00000000eb800000, 0x00000000ecc80000, 0x0000000100000000)
  eden space 15872K, 2% used [0x00000000eb800000,0x00000000eb84f5d0,0x00000000ec780000)
  from space 2560K, 0% used [0x00000000eca00000,0x00000000eca00000,0x00000000ecc80000)
  to   space 2560K, 0% used [0x00000000ec780000,0x00000000ec780000,0x00000000eca00000)
 ParOldGen       total 42496K, used 0K [0x00000000c2800000, 0x00000000c5180000, 0x00000000eb800000)
  object space 42496K, 0% used [0x00000000c2800000,0x00000000c2800000,0x00000000c5180000)
 Metaspace       used 776K, capacity 4480K, committed 4480K, reserved 1056768K
  class space    used 76K, capacity 384K, committed 384K, reserved 1048576K

Card table byte_map: [0x0000000012540000,0x0000000012730000] byte_map_base: 0x0000000011f2c000

Marking Bits: (ParMarkBitMap*) 0x0000000061aeaf90
 Begin Bits: [0x0000000012a80000, 0x00000000139e0000)
 End Bits:   [0x00000000139e0000, 0x0000000014940000)

Polling page: 0x0000000001240000

CodeCache: size=245760Kb used=327Kb max_used=327Kb free=245432Kb
 bounds [0x0000000003180000, 0x00000000033f0000, 0x0000000012180000]
 total_blobs=57 nmethods=0 adapters=38
 compilation: enabled

Compilation events (0 events):
No events

GC Heap History (0 events):
No events

Deoptimization events (0 events):
No events

Classes redefined (0 events):
No events

Internal exceptions (0 events):
No events

Events (10 events):
Event: 0.058 loading class java/lang/Short
Event: 0.058 loading class java/lang/Short done
Event: 0.058 loading class java/lang/Integer
Event: 0.058 loading class java/lang/Integer done
Event: 0.058 loading class java/lang/Long
Event: 0.059 loading class java/lang/Long done
Event: 0.060 loading class java/lang/NullPointerException
Event: 0.060 loading class java/lang/NullPointerException done
Event: 0.060 loading class java/lang/ArithmeticException
Event: 0.060 loading class java/lang/ArithmeticException done


Dynamic libraries:
0x00007ff7a2f30000 - 0x00007ff7a2f67000 	C:\Program Files\Java\jdk1.8.0_251\bin\java.exe
0x00007ffbb26e0000 - 0x00007ffbb28d0000 	C:\Windows\SYSTEM32\ntdll.dll
0x00007ffbb1dc0000 - 0x00007ffbb1e72000 	C:\Windows\System32\KERNEL32.DLL
0x00007ffbb02b0000 - 0x00007ffbb0554000 	C:\Windows\System32\KERNELBASE.dll
0x00007ffbb12b0000 - 0x00007ffbb1353000 	C:\Windows\System32\ADVAPI32.dll
0x00007ffbb0ce0000 - 0x00007ffbb0d7e000 	C:\Windows\System32\msvcrt.dll
0x00007ffbb0bc0000 - 0x00007ffbb0c57000 	C:\Windows\System32\sechost.dll
0x00007ffbb2570000 - 0x00007ffbb2690000 	C:\Windows\System32\RPCRT4.dll
0x00007ffbb1540000 - 0x00007ffbb16d4000 	C:\Windows\System32\USER32.dll
0x00007ffbaf670000 - 0x00007ffbaf691000 	C:\Windows\System32\win32u.dll
0x00007ffbb0d80000 - 0x00007ffbb0da6000 	C:\Windows\System32\GDI32.dll
0x00007ffbaf6a0000 - 0x00007ffbaf835000 	C:\Windows\System32\gdi32full.dll
0x00007ffbb01c0000 - 0x00007ffbb025e000 	C:\Windows\System32\msvcp_win.dll
0x00007ffbb0010000 - 0x00007ffbb010a000 	C:\Windows\System32\ucrtbase.dll
0x00007ffb9d550000 - 0x00007ffb9d7d4000 	C:\Windows\WinSxS\amd64_microsoft.windows.common-controls_6595b64144ccf1df_6.0.18362.900_none_e6beb9d913147d17\COMCTL32.dll
0x00007ffbb0f70000 - 0x00007ffbb12a5000 	C:\Windows\System32\combase.dll
0x00007ffbb0710000 - 0x00007ffbb0790000 	C:\Windows\System32\bcryptPrimitives.dll
0x00007ffbb1360000 - 0x00007ffbb138e000 	C:\Windows\System32\IMM32.DLL
0x00000000611e0000 - 0x00000000612b2000 	C:\Program Files\Java\jdk1.8.0_251\jre\bin\msvcr100.dll
0x00000000612c0000 - 0x0000000061b6b000 	C:\Program Files\Java\jdk1.8.0_251\jre\bin\server\jvm.dll
0x00007ffbb0a30000 - 0x00007ffbb0a38000 	C:\Windows\System32\PSAPI.DLL
0x00007ffb9cb60000 - 0x00007ffb9cb69000 	C:\Windows\SYSTEM32\WSOCK32.dll
0x00007ffbb0f00000 - 0x00007ffbb0f6f000 	C:\Windows\System32\WS2_32.dll
0x00007ffbac690000 - 0x00007ffbac6b4000 	C:\Windows\SYSTEM32\WINMM.dll
0x00007ffba1670000 - 0x00007ffba167a000 	C:\Windows\SYSTEM32\VERSION.dll
0x00007ffbac660000 - 0x00007ffbac68d000 	C:\Windows\SYSTEM32\WINMMBASE.dll
0x00007ffbb0260000 - 0x00007ffbb02aa000 	C:\Windows\System32\cfgmgr32.dll
0x00007ffb7e1f0000 - 0x00007ffb7e1ff000 	C:\Program Files\Java\jdk1.8.0_251\jre\bin\verify.dll
0x00007ffb7d880000 - 0x00007ffb7d8a9000 	C:\Program Files\Java\jdk1.8.0_251\jre\bin\java.dll
0x00007ffb7d7c0000 - 0x00007ffb7d7d6000 	C:\Program Files\Java\jdk1.8.0_251\jre\bin\zip.dll

VM Arguments:
jvm_args: -Dfile.encoding=UTF-8 
java_command: form.login
java_class_path (initial): C:\Program Files\NetBeans 8.2 RC\java\modules\ext\AbsoluteLayout.jar;C:\Users\Alex\Desktop\New Folder\mysql-connector-java-5.1.49\mysql-connector-java-5.1.49.jar;C:\Users\Alex\Documents\NetBeansProjects\El Final\build\classes
Launcher Type: SUN_STANDARD

Environment Variables:
PATH=C:\Program Files (x86)\Common Files\Oracle\Java\javapath;C:\Windows\system32;C:\Windows;C:\Windows\System32\Wbem;C:\Windows\System32\WindowsPowerShell\v1.0\;C:\Windows\System32\OpenSSH\;C:\PhP;C:\instantclient_12_2;C:\Program Files\Java\jdk1.8.0_251\bin;C:\Program Files\nodejs\;C:\Program Files\Microsoft SQL Server\Client SDK\ODBC\130\Tools\Binn\;C:\Program Files (x86)\Microsoft SQL Server\140\Tools\Binn\;C:\Program Files\Microsoft SQL Server\140\Tools\Binn\;C:\Program Files\Microsoft SQL Server\140\DTS\Binn\;C:\Program Files (x86)\Microsoft SQL Server\150\DTS\Binn\;C:\jdk-11\bin;C:\Program Files\Git\cmd;C:\Users\Alex\AppData\Local\Programs\Python\Python38-32\Scripts\;C:\Users\Alex\AppData\Local\Programs\Python\Python38-32\;C:\Users\Alex\AppData\Local\Microsoft\WindowsApps;C:\Users\Alex\AppData\Local\Programs\Microsoft VS Code\bin;C:\Users\Alex\AppData\Roaming\npm
USERNAME=Alex
OS=Windows_NT
PROCESSOR_IDENTIFIER=Intel64 Family 6 Model 92 Stepping 9, GenuineIntel



---------------  S Y S T E M  ---------------

OS: Windows 10.0 , 64 bit Build 18362 (10.0.18362.900)

CPU:total 2 (initial active 2) (2 cores per cpu, 1 threads per core) family 6 model 92 stepping 9, cmov, cx8, fxsr, mmx, sse, sse2, sse3, ssse3, sse4.1, sse4.2, popcnt, aes, clmul, erms, 3dnowpref, tsc, tscinvbit

Memory: 4k page, physical 4023304k(578756k free), swap 16606216k(5304k free)

vm_info: Java HotSpot(TM) 64-Bit Server VM (25.251-b08) for windows-amd64 JRE (1.8.0_251-b08), built on Mar 12 2020 06:31:49 by "" with MS VC++ 10.0 (VS2010)

time: Thu Jul 09 10:23:18 2020
timezone: Hora verano, Montañas (México)
elapsed time: 0 seconds (0d 0h 0m 0s)

